0 info it worked if it ends with ok
1 verbose cli [ '/home/geisy/.nvm/versions/node/v4.4.6/bin/node',
1 verbose cli   '/home/geisy/.nvm/versions/node/v4.4.6/bin/npm',
1 verbose cli   'run',
1 verbose cli   'clean' ]
2 info using npm@2.15.5
3 info using node@v4.4.6
4 verbose stack Error: Failed to parse json
4 verbose stack Unexpected token ' ' at 4:133
4 verbose stack vel's universe, this application uses Angular1.5.x and node scripts.
4 verbose stack                                                                     ^
4 verbose stack     at parseError (/home/geisy/.nvm/versions/node/v4.4.6/lib/node_modules/npm/node_modules/read-package-json/read-json.js:390:11)
4 verbose stack     at parseJson (/home/geisy/.nvm/versions/node/v4.4.6/lib/node_modules/npm/node_modules/read-package-json/read-json.js:79:23)
4 verbose stack     at /home/geisy/.nvm/versions/node/v4.4.6/lib/node_modules/npm/node_modules/read-package-json/read-json.js:48:5
4 verbose stack     at /home/geisy/.nvm/versions/node/v4.4.6/lib/node_modules/npm/node_modules/graceful-fs/graceful-fs.js:78:16
4 verbose stack     at FSReqWrap.readFileAfterClose [as oncomplete] (fs.js:380:3)
5 verbose cwd /home/geisy/Projects/WomenOfMarvel
6 error Linux 4.4.0-31-generic
7 error argv "/home/geisy/.nvm/versions/node/v4.4.6/bin/node" "/home/geisy/.nvm/versions/node/v4.4.6/bin/npm" "run" "clean"
8 error node v4.4.6
9 error npm  v2.15.5
10 error file /home/geisy/Projects/WomenOfMarvel/package.json
11 error code EJSONPARSE
12 error Failed to parse json
12 error Unexpected token ' ' at 4:133
12 error vel's universe, this application uses Angular1.5.x and node scripts.
12 error                                                                     ^
13 error File: /home/geisy/Projects/WomenOfMarvel/package.json
14 error Failed to parse package.json data.
14 error package.json must be actual JSON, not just JavaScript.
14 error
14 error This is not a bug in npm.
14 error Tell the package author to fix their package.json file. JSON.parse
15 verbose exit [ 1, true ]
